<?xml version="1.0" encoding="UTF-8"?>
<!-- Generated by org.testng.reporters.JUnitXMLReporter -->
<testsuite ignored="0" hostname="Vishal_PC" failures="1" tests="12" name="Test" time="175.553" errors="0" timestamp="2023-03-05T11:06:40 IST">
  <testcase classname="MyMavenProject.InsuranceBruteTesting2" name="hittingBrowser" time="5.024"/>
  <testcase classname="MyMavenProject.InsuranceBruteTesting2" name="enterIntoFrame" time="14.379"/>
  <testcase classname="MyMavenProject.InsuranceBruteTesting2" name="ageFieldTest" time="14.726"/>
  <testcase classname="MyMavenProject.InsuranceBruteTesting2" name="genderFieldTest" time="14.771"/>
  <testcase classname="MyMavenProject.InsuranceBruteTesting2" name="heightFieldTest" time="15.09"/>
  <testcase classname="MyMavenProject.InsuranceBruteTesting2" name="weightFieldTest" time="14.866"/>
  <testcase classname="MyMavenProject.InsuranceBruteTesting2" name="numberOfChildrenFieldTest" time="14.808"/>
  <testcase classname="MyMavenProject.InsuranceBruteTesting2" name="smokerTest" time="14.775"/>
  <testcase classname="MyMavenProject.InsuranceBruteTesting2" name="regionTest" time="14.537"/>
  <testcase classname="MyMavenProject.InsuranceBruteTesting2" name="brokenLinkTest" time="21.864">
    <failure type="java.net.ProtocolException" message="Server redirected too many  times (20)">
      <![CDATA[java.net.ProtocolException: Server redirected too many  times (20)
at java.base/sun.net.www.protocol.http.HttpURLConnection.getInputStream0(HttpURLConnection.java:2001)
at java.base/sun.net.www.protocol.http.HttpURLConnection.getInputStream(HttpURLConnection.java:1585)
at java.base/java.net.HttpURLConnection.getResponseCode(HttpURLConnection.java:529)
at java.base/sun.net.www.protocol.https.HttpsURLConnectionImpl.getResponseCode(HttpsURLConnectionImpl.java:308)
at MyMavenProject.InsuranceBruteTesting2.brokenLinkTest(InsuranceBruteTesting2.java:137)
at java.base/java.util.ArrayList.forEach(ArrayList.java:1511)
... Removed 25 stack frames]]>
    </failure>
  </testcase> <!-- brokenLinkTest -->
  <testcase classname="MyMavenProject.IntegrationTesting" name="wholeFormTest" time="13.772"/>
  <testcase classname="MyMavenProject.IntegrationTesting" name="wholeFormTest" time="14.003"/>
</testsuite> <!-- Test -->
