<?xml version="1.0" encoding="UTF-8"?>
<testng-results ignored="0" total="12" passed="11" failed="1" skipped="0">
  <reporter-output>
  </reporter-output>
  <suite started-at="2023-03-05T11:03:45 IST" name="Suite" finished-at="2023-03-05T11:06:40 IST" duration-ms="175553">
    <groups>
    </groups>
    <test started-at="2023-03-05T11:03:45 IST" name="Test" finished-at="2023-03-05T11:06:40 IST" duration-ms="175553">
      <class name="MyMavenProject.InsuranceBruteTesting2">
        <test-method signature="hittingBrowser()[pri:1, instance:MyMavenProject.InsuranceBruteTesting2@302c971f]" started-at="2023-03-05T11:03:45 IST" name="hittingBrowser" finished-at="2023-03-05T11:03:50 IST" duration-ms="5024" status="PASS">
          <reporter-output>
          </reporter-output>
        </test-method> <!-- hittingBrowser -->
        <test-method is-config="true" signature="tearDownTest()[pri:0, instance:MyMavenProject.InsuranceBruteTesting2@302c971f]" started-at="2023-03-05T11:03:50 IST" name="tearDownTest" finished-at="2023-03-05T11:03:50 IST" duration-ms="207" status="PASS">
          <reporter-output>
          </reporter-output>
        </test-method> <!-- tearDownTest -->
        <test-method signature="enterIntoFrame()[pri:2, instance:MyMavenProject.InsuranceBruteTesting2@302c971f]" started-at="2023-03-05T11:03:50 IST" name="enterIntoFrame" finished-at="2023-03-05T11:04:04 IST" duration-ms="14379" status="PASS">
          <reporter-output>
          </reporter-output>
        </test-method> <!-- enterIntoFrame -->
        <test-method is-config="true" signature="tearDownTest()[pri:0, instance:MyMavenProject.InsuranceBruteTesting2@302c971f]" started-at="2023-03-05T11:04:04 IST" name="tearDownTest" finished-at="2023-03-05T11:04:05 IST" duration-ms="213" status="PASS">
          <reporter-output>
          </reporter-output>
        </test-method> <!-- tearDownTest -->
        <test-method signature="ageFieldTest()[pri:3, instance:MyMavenProject.InsuranceBruteTesting2@302c971f]" started-at="2023-03-05T11:04:05 IST" name="ageFieldTest" finished-at="2023-03-05T11:04:19 IST" duration-ms="14726" status="PASS">
          <reporter-output>
          </reporter-output>
        </test-method> <!-- ageFieldTest -->
        <test-method is-config="true" signature="tearDownTest()[pri:0, instance:MyMavenProject.InsuranceBruteTesting2@302c971f]" started-at="2023-03-05T11:04:19 IST" name="tearDownTest" finished-at="2023-03-05T11:04:19 IST" duration-ms="189" status="PASS">
          <reporter-output>
          </reporter-output>
        </test-method> <!-- tearDownTest -->
        <test-method signature="genderFieldTest()[pri:4, instance:MyMavenProject.InsuranceBruteTesting2@302c971f]" started-at="2023-03-05T11:04:19 IST" name="genderFieldTest" finished-at="2023-03-05T11:04:34 IST" duration-ms="14771" status="PASS">
          <reporter-output>
          </reporter-output>
        </test-method> <!-- genderFieldTest -->
        <test-method is-config="true" signature="tearDownTest()[pri:0, instance:MyMavenProject.InsuranceBruteTesting2@302c971f]" started-at="2023-03-05T11:04:34 IST" name="tearDownTest" finished-at="2023-03-05T11:04:34 IST" duration-ms="247" status="PASS">
          <reporter-output>
          </reporter-output>
        </test-method> <!-- tearDownTest -->
        <test-method signature="heightFieldTest()[pri:5, instance:MyMavenProject.InsuranceBruteTesting2@302c971f]" started-at="2023-03-05T11:04:34 IST" name="heightFieldTest" finished-at="2023-03-05T11:04:50 IST" duration-ms="15090" status="PASS">
          <reporter-output>
          </reporter-output>
        </test-method> <!-- heightFieldTest -->
        <test-method is-config="true" signature="tearDownTest()[pri:0, instance:MyMavenProject.InsuranceBruteTesting2@302c971f]" started-at="2023-03-05T11:04:50 IST" name="tearDownTest" finished-at="2023-03-05T11:04:50 IST" duration-ms="185" status="PASS">
          <reporter-output>
          </reporter-output>
        </test-method> <!-- tearDownTest -->
        <test-method signature="weightFieldTest()[pri:6, instance:MyMavenProject.InsuranceBruteTesting2@302c971f]" started-at="2023-03-05T11:04:50 IST" name="weightFieldTest" finished-at="2023-03-05T11:05:05 IST" duration-ms="14866" status="PASS">
          <reporter-output>
          </reporter-output>
        </test-method> <!-- weightFieldTest -->
        <test-method is-config="true" signature="tearDownTest()[pri:0, instance:MyMavenProject.InsuranceBruteTesting2@302c971f]" started-at="2023-03-05T11:05:05 IST" name="tearDownTest" finished-at="2023-03-05T11:05:05 IST" duration-ms="184" status="PASS">
          <reporter-output>
          </reporter-output>
        </test-method> <!-- tearDownTest -->
        <test-method signature="numberOfChildrenFieldTest()[pri:7, instance:MyMavenProject.InsuranceBruteTesting2@302c971f]" started-at="2023-03-05T11:05:05 IST" name="numberOfChildrenFieldTest" finished-at="2023-03-05T11:05:20 IST" duration-ms="14808" status="PASS">
          <reporter-output>
          </reporter-output>
        </test-method> <!-- numberOfChildrenFieldTest -->
        <test-method is-config="true" signature="tearDownTest()[pri:0, instance:MyMavenProject.InsuranceBruteTesting2@302c971f]" started-at="2023-03-05T11:05:20 IST" name="tearDownTest" finished-at="2023-03-05T11:05:20 IST" duration-ms="185" status="PASS">
          <reporter-output>
          </reporter-output>
        </test-method> <!-- tearDownTest -->
        <test-method signature="smokerTest()[pri:8, instance:MyMavenProject.InsuranceBruteTesting2@302c971f]" started-at="2023-03-05T11:05:20 IST" name="smokerTest" finished-at="2023-03-05T11:05:35 IST" duration-ms="14775" status="PASS">
          <reporter-output>
          </reporter-output>
        </test-method> <!-- smokerTest -->
        <test-method is-config="true" signature="tearDownTest()[pri:0, instance:MyMavenProject.InsuranceBruteTesting2@302c971f]" started-at="2023-03-05T11:05:35 IST" name="tearDownTest" finished-at="2023-03-05T11:05:35 IST" duration-ms="188" status="PASS">
          <reporter-output>
          </reporter-output>
        </test-method> <!-- tearDownTest -->
        <test-method signature="regionTest()[pri:9, instance:MyMavenProject.InsuranceBruteTesting2@302c971f]" started-at="2023-03-05T11:05:35 IST" name="regionTest" finished-at="2023-03-05T11:05:49 IST" duration-ms="14537" status="PASS">
          <reporter-output>
          </reporter-output>
        </test-method> <!-- regionTest -->
        <test-method is-config="true" signature="tearDownTest()[pri:0, instance:MyMavenProject.InsuranceBruteTesting2@302c971f]" started-at="2023-03-05T11:05:49 IST" name="tearDownTest" finished-at="2023-03-05T11:05:50 IST" duration-ms="221" status="PASS">
          <reporter-output>
          </reporter-output>
        </test-method> <!-- tearDownTest -->
        <test-method signature="brokenLinkTest()[pri:10, instance:MyMavenProject.InsuranceBruteTesting2@302c971f]" started-at="2023-03-05T11:05:50 IST" name="brokenLinkTest" finished-at="2023-03-05T11:06:11 IST" duration-ms="21864" status="FAIL">
          <exception class="java.net.ProtocolException">
            <message>
              <![CDATA[Server redirected too many  times (20)]]>
            </message>
            <full-stacktrace>
              <![CDATA[java.net.ProtocolException: Server redirected too many  times (20)
at java.base/sun.net.www.protocol.http.HttpURLConnection.getInputStream0(HttpURLConnection.java:2001)
at java.base/sun.net.www.protocol.http.HttpURLConnection.getInputStream(HttpURLConnection.java:1585)
at java.base/java.net.HttpURLConnection.getResponseCode(HttpURLConnection.java:529)
at java.base/sun.net.www.protocol.https.HttpsURLConnectionImpl.getResponseCode(HttpsURLConnectionImpl.java:308)
at MyMavenProject.InsuranceBruteTesting2.brokenLinkTest(InsuranceBruteTesting2.java:137)
at java.base/jdk.internal.reflect.DirectMethodHandleAccessor.invoke(DirectMethodHandleAccessor.java:104)
at java.base/java.lang.reflect.Method.invoke(Method.java:578)
at org.testng.internal.MethodInvocationHelper.invokeMethod(MethodInvocationHelper.java:133)
at org.testng.internal.TestInvoker.invokeMethod(TestInvoker.java:598)
at org.testng.internal.TestInvoker.invokeTestMethod(TestInvoker.java:173)
at org.testng.internal.MethodRunner.runInSequence(MethodRunner.java:46)
at org.testng.internal.TestInvoker$MethodInvocationAgent.invoke(TestInvoker.java:824)
at org.testng.internal.TestInvoker.invokeTestMethods(TestInvoker.java:146)
at org.testng.internal.TestMethodWorker.invokeTestMethods(TestMethodWorker.java:146)
at org.testng.internal.TestMethodWorker.run(TestMethodWorker.java:128)
at java.base/java.util.ArrayList.forEach(ArrayList.java:1511)
at org.testng.TestRunner.privateRun(TestRunner.java:794)
at org.testng.TestRunner.run(TestRunner.java:596)
at org.testng.SuiteRunner.runTest(SuiteRunner.java:377)
at org.testng.SuiteRunner.runSequentially(SuiteRunner.java:371)
at org.testng.SuiteRunner.privateRun(SuiteRunner.java:332)
at org.testng.SuiteRunner.run(SuiteRunner.java:276)
at org.testng.SuiteRunnerWorker.runSuite(SuiteRunnerWorker.java:53)
at org.testng.SuiteRunnerWorker.run(SuiteRunnerWorker.java:96)
at org.testng.TestNG.runSuitesSequentially(TestNG.java:1212)
at org.testng.TestNG.runSuitesLocally(TestNG.java:1134)
at org.testng.TestNG.runSuites(TestNG.java:1063)
at org.testng.TestNG.run(TestNG.java:1031)
at org.testng.remote.AbstractRemoteTestNG.run(AbstractRemoteTestNG.java:115)
at org.testng.remote.RemoteTestNG.initAndRun(RemoteTestNG.java:251)
at org.testng.remote.RemoteTestNG.main(RemoteTestNG.java:77)
]]>
            </full-stacktrace>
          </exception> <!-- java.net.ProtocolException -->
          <reporter-output>
          </reporter-output>
        </test-method> <!-- brokenLinkTest -->
        <test-method is-config="true" signature="tearDownTest()[pri:0, instance:MyMavenProject.InsuranceBruteTesting2@302c971f]" started-at="2023-03-05T11:06:12 IST" name="tearDownTest" finished-at="2023-03-05T11:06:12 IST" duration-ms="188" status="PASS">
          <reporter-output>
          </reporter-output>
        </test-method> <!-- tearDownTest -->
      </class> <!-- MyMavenProject.InsuranceBruteTesting2 -->
      <class name="MyMavenProject.IntegrationTesting">
        <test-method signature="wholeFormTest(java.util.HashMap)[pri:0, instance:MyMavenProject.IntegrationTesting@710636b0]" started-at="2023-03-05T11:06:12 IST" name="wholeFormTest" data-provider="getData" finished-at="2023-03-05T11:06:26 IST" duration-ms="13772" status="PASS">
          <params>
            <param index="0">
              <value>
                <![CDATA[{weight=80, noOfChildren=0, age=19, height=159}]]>
              </value>
            </param>
          </params>
          <reporter-output>
          </reporter-output>
        </test-method> <!-- wholeFormTest -->
        <test-method is-config="true" signature="tearDownTest()[pri:0, instance:MyMavenProject.IntegrationTesting@710636b0]" started-at="2023-03-05T11:06:26 IST" name="tearDownTest" finished-at="2023-03-05T11:06:26 IST" duration-ms="243" status="PASS">
          <reporter-output>
          </reporter-output>
        </test-method> <!-- tearDownTest -->
        <test-method signature="wholeFormTest(java.util.HashMap)[pri:0, instance:MyMavenProject.IntegrationTesting@710636b0]" started-at="2023-03-05T11:06:26 IST" name="wholeFormTest" data-provider="getData" finished-at="2023-03-05T11:06:40 IST" duration-ms="14003" status="PASS">
          <params>
            <param index="0">
              <value>
                <![CDATA[{weight=60, noOfChildren=5, age=20, height=175}]]>
              </value>
            </param>
          </params>
          <reporter-output>
          </reporter-output>
        </test-method> <!-- wholeFormTest -->
        <test-method is-config="true" signature="tearDownTest()[pri:0, instance:MyMavenProject.IntegrationTesting@710636b0]" started-at="2023-03-05T11:06:40 IST" name="tearDownTest" finished-at="2023-03-05T11:06:40 IST" duration-ms="194" status="PASS">
          <reporter-output>
          </reporter-output>
        </test-method> <!-- tearDownTest -->
      </class> <!-- MyMavenProject.IntegrationTesting -->
    </test> <!-- Test -->
  </suite> <!-- Suite -->
</testng-results>
